<?xml version="1.0" encoding="UTF-8"?>
<Site BuildName="Win32-MSBuild"
	BuildStamp="20260812-1527-Experimental"
	Name="DESKTOP-8BTPL26"
	Generator="ctest-4.4.2"
	CompilerName="C:/Program Files/Microsoft Visual Studio/18/Community/VC/Tools/MSVC/14.51.36231/bin/Hostx64/x64/cl.exe"
	CompilerVersion="19.51.36248.0"
	OSName="Windows"
	Hostname="DESKTOP-8BTPL26"
	OSRelease="10.0.19045"
	OSVersion="Windows 10"
	OSPlatform="AMD64"
	Is64Bits="1"
	VendorString="AuthenticAMD"
	VendorID="Advanced Micro Devices"
	FamilyID="15"
	ModelID="8"
	ModelName="AMD Ryzen 5 2600 Six-Core Processor"
	ProcessorCacheSize="96"
	NumberOfLogicalCPU="12"
	NumberOfPhysicalCPU="6"
	TotalVirtualMemory="2048"
	TotalPhysicalMemory="32698"
	LogicalProcessorsPerPhysical="2"
	ProcessorClockFrequency="3400.000000"
	>
	<Testing>
		<StartDateTime>Aug 12 16:27 GMT Summer Time</StartDateTime>
		<StartTestTime>1786548471</StartTestTime>
		<TestList/>
		<EndDateTime>Aug 12 16:27 GMT Summer Time</EndDateTime>
		<EndTestTime>1786548471</EndTestTime>
		<ElapsedMinutes>0</ElapsedMinutes>
	</Testing>
</Site>
